
matrix:4823 terminated with signal 11 at PC=409442 SP=7fff230f92d0.  Backtrace:
matrix(__intel_sse2_strcat+0x12)[0x409442]
matrix(main+0x1d2)[0x402e62]
/lib64/libc.so.6(__libc_start_main+0xe6)[0x7fb82ff7bc36]
matrix[0x402bc9]

matrix:4821 terminated with signal 11 at PC=409442 SP=7fff1449d020.  Backtrace:

matrix:4820 terminated with signal 11 at PC=409442 SP=7fff28292410.  Backtrace:
matrix(__intel_sse2_strcat+0x12)[0x409442]
matrix(main+0x1d2)[0x402e62]
/lib64/libc.so.6(__libc_start_main+0xe6)[0x7fb830dbbc36]
matrix[0x402bc9]
matrix(__intel_sse2_strcat+0x12)[0x409442]
matrix(main+0x1d2)[0x402e62]
/lib64/libc.so.6(__libc_start_main+0xe6)[0x7f2e3e0f0c36]
matrix[0x402bc9]

matrix:4824 terminated with signal 11 at PC=409442 SP=7fff5d7650e0.  Backtrace:
matrix(__intel_sse2_strcat+0x12)[0x409442]
matrix(main+0x1d2)[0x402e62]
/lib64/libc.so.6(__libc_start_main+0xe6)[0x7f6c30dd7c36]
matrix[0x402bc9]

matrix:4822 terminated with signal 11 at PC=409442 SP=7fff3040f020.  Backtrace:
matrix(__intel_sse2_strcat+0x12)[0x409442]
matrix(main+0x1d2)[0x402e62]
/lib64/libc.so.6(__libc_start_main+0xe6)[0x7f9c3a292c36]
matrix[0x402bc9]
--------------------------------------------------------------------------
mpirun has exited due to process rank 4 with PID 4799 on
node hc3n026 exiting improperly. There are two reasons this could occur:

1. this process did not call "init" before exiting, but others in
the job did. This can cause a job to hang indefinitely while it waits
for all processes to call "init". By rule, if one process calls "init",
then ALL processes must call "init" prior to termination.

2. this process called "init", but exited without calling "finalize".
By rule, all processes that call "init" MUST call "finalize" prior to
exiting or it will be considered an "abnormal termination"

This may have caused other processes in the application to be
terminated by signals sent by mpirun (as reported here).
--------------------------------------------------------------------------

matrix:6368 terminated with signal 11 at PC=409442 SP=7fff7c2b01c0.  Backtrace:
matrix(__intel_sse2_strcat+0x12)[0x409442]
matrix(main+0x1d2)[0x402e62]
/lib64/libc.so.6(__libc_start_main+0xe6)[0x7f8851294c36]
matrix[0x402bc9]
