
matrix:23854 terminated with signal 11 at PC=409442 SP=7fff1bfa9700.  Backtrace:

matrix:23852 terminated with signal 11 at PC=409442 SP=7fff5c3d7ce0.  Backtrace:

matrix:23849 terminated with signal 11 at PC=409442 SP=7fff093296d0.  Backtrace:

matrix:23853 terminated with signal 11 at PC=409442 SP=7fff4b0d3050.  Backtrace:

matrix:23850 terminated with signal 11 at PC=409442 SP=7fff505ce6f0.  Backtrace:

matrix:5251 terminated with signal 11 at PC=409442 SP=7ffffc1f2ae0.  Backtrace:

matrix:5249 terminated with signal 11 at PC=409442 SP=7ffff1d32610.  Backtrace:

matrix:5252 terminated with signal 11 at PC=409442 SP=7fffb28d1250.  Backtrace:

matrix:5250 terminated with signal 11 at PC=409442 SP=7fff5d87aab0.  Backtrace:
matrix(__intel_sse2_strcat+0x12)[0x409442]
matrix(main+0x1d2)[0x402e62]
matrix(__intel_sse2_strcat+0x12)[0x409442]
matrix(main+0x1d2)[0x402e62]
matrix(__intel_sse2_strcat+0x12)[0x409442]
matrix(main+0x1d2)[0x402e62]
/lib64/libc.so.6(__libc_start_main+0xe6)[0x7f49e1974c36]
matrix[0x402bc9]
/lib64/libc.so.6(__libc_start_main+0xe6)[0x7f67f803ac36]
matrix[0x402bc9]
matrix(__intel_sse2_strcat+0x12)[0x409442]
matrix(main+0x1d2)[0x402e62]
/lib64/libc.so.6(__libc_start_main+0xe6)[0x7fed65b11c36]
matrix[0x402bc9]
matrix(__intel_sse2_strcat+0x12)[0x409442]
matrix(main+0x1d2)[0x402e62]
/lib64/libc.so.6(__libc_start_main+0xe6)[0x7f5346963c36]
matrix[0x402bc9]
/lib64/libc.so.6(__libc_start_main+0xe6)[0x7f88f5278c36]
matrix[0x402bc9]
matrix(__intel_sse2_strcat+0x12)[0x409442]
matrix(main+0x1d2)[0x402e62]
/lib64/libc.so.6(__libc_start_main+0xe6)[0x7fb282e90c36]
matrix[0x402bc9]
matrix(__intel_sse2_strcat+0x12)[0x409442]
matrix(main+0x1d2)[0x402e62]
/lib64/libc.so.6(__libc_start_main+0xe6)[0x7f6d9ff6bc36]
matrix[0x402bc9]
matrix(__intel_sse2_strcat+0x12)[0x409442]
matrix(main+0x1d2)[0x402e62]
/lib64/libc.so.6(__libc_start_main+0xe6)[0x7fee23cc3c36]
matrix[0x402bc9]
matrix(__intel_sse2_strcat+0x12)[0x409442]
matrix(main+0x1d2)[0x402e62]
/lib64/libc.so.6(__libc_start_main+0xe6)[0x7f461f51bc36]
matrix[0x402bc9]
--------------------------------------------------------------------------
mpirun has exited due to process rank 5 with PID 5229 on
node hc3n304 exiting improperly. There are two reasons this could occur:

1. this process did not call "init" before exiting, but others in
the job did. This can cause a job to hang indefinitely while it waits
for all processes to call "init". By rule, if one process calls "init",
then ALL processes must call "init" prior to termination.

2. this process called "init", but exited without calling "finalize".
By rule, all processes that call "init" MUST call "finalize" prior to
exiting or it will be considered an "abnormal termination"

This may have caused other processes in the application to be
terminated by signals sent by mpirun (as reported here).
--------------------------------------------------------------------------
